<?xml version="1.0" encoding="UTF-8"?>
<!-- Generated by org.testng.reporters.JUnitReportReporter -->
<testsuite skipped="0" hostname="DQXWHRHMG8HFBHS" name="AutoTest.MeiKeMeiChe.Sales.Api.Test_Statistics_GetRevokeShopDeposit" tests="12" failures="0" timestamp="12 四月 2018 10:50:28 GMT" time="0.675" errors="0">
  <testcase name="getParameterFromJson" time="0.017" classname="AutoTest.MeiKeMeiChe.Sales.Api.Test_Statistics_GetRevokeShopDeposit"/>
  <testcase name="getParameterFromJson" time="0.012" classname="AutoTest.MeiKeMeiChe.Sales.Api.Test_Statistics_GetRevokeShopDeposit"/>
  <testcase name="getParameterFromJson" time="0.011" classname="AutoTest.MeiKeMeiChe.Sales.Api.Test_Statistics_GetRevokeShopDeposit"/>
  <testcase name="getParameterFromJson" time="0.013" classname="AutoTest.MeiKeMeiChe.Sales.Api.Test_Statistics_GetRevokeShopDeposit"/>
  <testcase name="getParameterFromJson" time="0.033" classname="AutoTest.MeiKeMeiChe.Sales.Api.Test_Statistics_GetRevokeShopDeposit"/>
  <testcase name="getParameterFromJson" time="0.011" classname="AutoTest.MeiKeMeiChe.Sales.Api.Test_Statistics_GetRevokeShopDeposit"/>
  <testcase name="getParameterFromJson" time="0.456" classname="AutoTest.MeiKeMeiChe.Sales.Api.Test_Statistics_GetRevokeShopDeposit"/>
  <testcase name="getParameterFromJson" time="0.015" classname="AutoTest.MeiKeMeiChe.Sales.Api.Test_Statistics_GetRevokeShopDeposit"/>
  <testcase name="getParameterFromJson" time="0.015" classname="AutoTest.MeiKeMeiChe.Sales.Api.Test_Statistics_GetRevokeShopDeposit"/>
  <testcase name="getParameterFromJson" time="0.013" classname="AutoTest.MeiKeMeiChe.Sales.Api.Test_Statistics_GetRevokeShopDeposit"/>
  <testcase name="getParameterFromJson" time="0.011" classname="AutoTest.MeiKeMeiChe.Sales.Api.Test_Statistics_GetRevokeShopDeposit"/>
  <testcase name="getParameterFromJson" time="0.068" classname="AutoTest.MeiKeMeiChe.Sales.Api.Test_Statistics_GetRevokeShopDeposit"/>
</testsuite> <!-- AutoTest.MeiKeMeiChe.Sales.Api.Test_Statistics_GetRevokeShopDeposit -->
