<?xml version="1.0" encoding="UTF-8"?>
<!-- Generated by org.testng.reporters.JUnitReportReporter -->
<testsuite skipped="0" hostname="DQXWHRHMG8HFBHS" name="com.GetJDBCData.TestCase" tests="1" failures="0" timestamp="19 三月 2018 13:08:37 GMT" time="0.363" errors="0">
  <testcase name="testSelect" time="0.363" classname="com.GetJDBCData.TestCase"/>
</testsuite> <!-- com.GetJDBCData.TestCase -->
