<?xml version="1.0" encoding="UTF-8"?>
<!-- Generated by org.testng.reporters.JUnitReportReporter -->
<testsuite skipped="0" hostname="DQXWHRHMG8HFBHS" name="com.APIRequest.Employee.TestGetEmpList" tests="2" failures="0" timestamp="20 三月 2018 08:05:30 GMT" time="0.610" errors="0">
  <testcase name="result" time="0.226" classname="com.APIRequest.Employee.TestGetEmpList"/>
  <testcase name="result" time="0.384" classname="com.APIRequest.Employee.TestGetEmpList"/>
</testsuite> <!-- com.APIRequest.Employee.TestGetEmpList -->
