<?xml version="1.0" encoding="UTF-8"?>
<!-- Generated by org.testng.reporters.JUnitReportReporter -->
<testsuite skipped="0" hostname="DQXWHRHMG8HFBHS" name="com.CommonUtils.GetTestData.MyTester" tests="4" failures="0" timestamp="01 三月 2018 13:07:03 GMT" time="0.010" errors="0">
  <testcase name="runTest" time="0.006" classname="com.CommonUtils.GetTestData.MyTester"/>
  <testcase name="runTest" time="0.001" classname="com.CommonUtils.GetTestData.MyTester"/>
  <testcase name="runTest" time="0.002" classname="com.CommonUtils.GetTestData.MyTester"/>
  <testcase name="runTest" time="0.001" classname="com.CommonUtils.GetTestData.MyTester"/>
</testsuite> <!-- com.CommonUtils.GetTestData.MyTester -->
