<?xml version="1.0" encoding="UTF-8"?>
<!-- Generated by org.testng.reporters.JUnitReportReporter -->
<testsuite skipped="0" hostname="DQXWHRHMG8HFBHS" name="AutoTest.MeiKeMeiChe.Sales.Api.Test_Report_GetReportOrder" tests="4" failures="0" timestamp="29 三月 2018 02:30:40 GMT" time="20.085" errors="0">
  <testcase name="getToday" time="5.117" classname="AutoTest.MeiKeMeiChe.Sales.Api.Test_Report_GetReportOrder"/>
  <testcase name="getToday" time="4.867" classname="AutoTest.MeiKeMeiChe.Sales.Api.Test_Report_GetReportOrder"/>
  <testcase name="getToday" time="5.004" classname="AutoTest.MeiKeMeiChe.Sales.Api.Test_Report_GetReportOrder"/>
  <testcase name="getToday" time="5.097" classname="AutoTest.MeiKeMeiChe.Sales.Api.Test_Report_GetReportOrder"/>
</testsuite> <!-- AutoTest.MeiKeMeiChe.Sales.Api.Test_Report_GetReportOrder -->
