<?xml version="1.0" encoding="UTF-8"?>
<!-- Generated by org.testng.reporters.JUnitReportReporter -->
<testsuite skipped="0" hostname="DQXWHRHMG8HFBHS" name="AutoTest.MeiKeMeiChe.Sales.Api.Test_Report_GetReportOrderList" tests="8" failures="0" timestamp="11 四月 2018 10:53:18 GMT" time="16.333" errors="0">
  <testcase name="getReportOrderList" time="0.737" classname="AutoTest.MeiKeMeiChe.Sales.Api.Test_Report_GetReportOrderList"/>
  <testcase name="getReportOrderList" time="3.345" classname="AutoTest.MeiKeMeiChe.Sales.Api.Test_Report_GetReportOrderList"/>
  <testcase name="getReportOrderList" time="2.190" classname="AutoTest.MeiKeMeiChe.Sales.Api.Test_Report_GetReportOrderList"/>
  <testcase name="getReportOrderList" time="0.366" classname="AutoTest.MeiKeMeiChe.Sales.Api.Test_Report_GetReportOrderList"/>
  <testcase name="getReportOrderList" time="1.841" classname="AutoTest.MeiKeMeiChe.Sales.Api.Test_Report_GetReportOrderList"/>
  <testcase name="getReportOrderList" time="2.004" classname="AutoTest.MeiKeMeiChe.Sales.Api.Test_Report_GetReportOrderList"/>
  <testcase name="getReportOrderList" time="3.323" classname="AutoTest.MeiKeMeiChe.Sales.Api.Test_Report_GetReportOrderList"/>
  <testcase name="getReportOrderList" time="2.527" classname="AutoTest.MeiKeMeiChe.Sales.Api.Test_Report_GetReportOrderList"/>
</testsuite> <!-- AutoTest.MeiKeMeiChe.Sales.Api.Test_Report_GetReportOrderList -->
