<?xml version="1.0" encoding="UTF-8"?>
<!-- Generated by org.testng.reporters.JUnitReportReporter -->
<testsuite skipped="0" hostname="DQXWHRHMG8HFBHS" name="AutoTest.MeiKeMeiChe.Sales.Api.Test_Statistics_GetStatisticsIndex" tests="12" failures="0" timestamp="12 四月 2018 08:59:44 GMT" time="5.866" errors="0">
  <testcase name="getReportOrderList" time="0.866" classname="AutoTest.MeiKeMeiChe.Sales.Api.Test_Statistics_GetStatisticsIndex"/>
  <testcase name="getReportOrderList" time="0.356" classname="AutoTest.MeiKeMeiChe.Sales.Api.Test_Statistics_GetStatisticsIndex"/>
  <testcase name="getReportOrderList" time="0.518" classname="AutoTest.MeiKeMeiChe.Sales.Api.Test_Statistics_GetStatisticsIndex"/>
  <testcase name="getReportOrderList" time="0.590" classname="AutoTest.MeiKeMeiChe.Sales.Api.Test_Statistics_GetStatisticsIndex"/>
  <testcase name="getReportOrderList" time="0.408" classname="AutoTest.MeiKeMeiChe.Sales.Api.Test_Statistics_GetStatisticsIndex"/>
  <testcase name="getReportOrderList" time="0.375" classname="AutoTest.MeiKeMeiChe.Sales.Api.Test_Statistics_GetStatisticsIndex"/>
  <testcase name="getReportOrderList" time="0.437" classname="AutoTest.MeiKeMeiChe.Sales.Api.Test_Statistics_GetStatisticsIndex"/>
  <testcase name="getReportOrderList" time="0.393" classname="AutoTest.MeiKeMeiChe.Sales.Api.Test_Statistics_GetStatisticsIndex"/>
  <testcase name="getReportOrderList" time="0.576" classname="AutoTest.MeiKeMeiChe.Sales.Api.Test_Statistics_GetStatisticsIndex"/>
  <testcase name="getReportOrderList" time="0.553" classname="AutoTest.MeiKeMeiChe.Sales.Api.Test_Statistics_GetStatisticsIndex"/>
  <testcase name="getReportOrderList" time="0.407" classname="AutoTest.MeiKeMeiChe.Sales.Api.Test_Statistics_GetStatisticsIndex"/>
  <testcase name="getReportOrderList" time="0.387" classname="AutoTest.MeiKeMeiChe.Sales.Api.Test_Statistics_GetStatisticsIndex"/>
</testsuite> <!-- AutoTest.MeiKeMeiChe.Sales.Api.Test_Statistics_GetStatisticsIndex -->
